Arguments: 
  C:\Program Files\nodejs\node.exe C:\Program Files (x86)\Yarn\bin\yarn.js add

PATH: 
  C:\Users\Devel\AppData\Local\Programs\Python\Python39\Scripts\;C:\Users\Devel\AppData\Local\Programs\Python\Python39\;C:\Windows\system32;C:\Windows;C:\Windows\System32\Wbem;C:\Windows\System32\WindowsPowerShell\v1.0\;C:\Windows\System32\OpenSSH\;C:\Program Files\NVIDIA Corporation\NVIDIA NvDLISR;C:\Program Files\Microsoft SQL Server\130\Tools\Binn\;C:\Program Files\Microsoft SQL Server\Client SDK\ODBC\170\Tools\Binn\;C:\Program Files\nodejs\;C:\ProgramData\chocolatey\bin;C:\Program Files\php\8.0.0;C:\ProgramData\ComposerSetup\bin;C:\Program Files (x86)\mingw-w64\mingw32\bin;C:\Program Files (x86)\Yarn\bin\;C:\Program Files\dotnet\;C:\WINDOWS\system32;C:\WINDOWS;C:\WINDOWS\System32\Wbem;C:\WINDOWS\System32\WindowsPowerShell\v1.0\;C:\WINDOWS\System32\OpenSSH\;C:\Program Files (x86)\NVIDIA Corporation\PhysX\Common;C:\Program Files\Git\cmd;C:\Program Files\Docker\Docker\resources\bin;C:\ProgramData\DockerDesktop\version-bin;C:\Ruby30-x64\bin;C:\Users\Devel\AppData\Local\Programs\Python\Launcher\;C:\Users\Devel\AppData\Local\Microsoft\WindowsApps;C:\Users\Devel\AppData\Local\Programs\Microsoft VS Code\bin;C:\Program Files\JetBrains\PyCharm Community Edition 2020.3\bin;;C:\Program Files\JetBrains\DataGrip 2020.2.3\bin;;C:\Users\Devel\AppData\Roaming\npm;C:\Program Files\JetBrains\PhpStorm 2020.3\bin;;C:\Users\Devel\AppData\Roaming\Composer\vendor\bin;C:\Users\Devel\AppData\Local\Yarn\bin;C:\Users\Devel\.dotnet\tools;C:\Users\Devel\AppData\Local\hyper\app-3.0.2\resources\bin;C:\Program Files\Git\mingw64\bin;C:\Program Files\heroku\bin;

Yarn version: 
  1.22.5

Node version: 
  14.15.1

Platform: 
  win32 x64

Trace: 
  SyntaxError: C:\Users\Devel\Desktop\Node-Store\package.json: Unexpected string in JSON at position 880
      at JSON.parse (<anonymous>)
      at C:\Program Files (x86)\Yarn\lib\cli.js:1625:59
      at Generator.next (<anonymous>)
      at step (C:\Program Files (x86)\Yarn\lib\cli.js:310:30)
      at C:\Program Files (x86)\Yarn\lib\cli.js:321:13

npm manifest: 
  {
    "name": "Node-Store",
    "author": {
      "name": "Luke McCann",
      "email": "developer-lukemccann@outlook.com",
      "github": "LukeMcCann"
    },
    "scripts": {
      "start": "pm2 start app.js",
      "live": "nodemon app.js",
      "start-dev": "nodemon app --trace-sync-io",
      "sass-compile": "node-sass --include-path scss resources/sass/main.scss public/css/main.css",
      "watch": "nodemon -e scss -x \"npm run sass-compile\""
    },
    "devDependencies": {
      "debug": "^4.3.2",
      "grunt-cli": "^1.4.3",
      "grunt-contrib-cssmin": "^4.0.0",
      "grunt-contrib-sass": "^2.0.0",
      "grunt-contrib-uglify": "^5.0.1",
      "grunt-contrib-watch": "^1.1.0",
      "nodemon": "^2.0.12"
    },
    "dependencies": {
      "dotenv": "^10.0.0",
      "ejs": "^3.1.6",
      "express": "^4.17.1",
      "grunt": "^1.4.1",
      "helmet": "^4.6.0",
      "node-sass": "^6.0.1",
      "pm2": "^5.1.1"
    }
    "version": "1.0.0",
    "main": "index.js",
    "license": "MIT"
  }

yarn manifest: 
  No manifest

Lockfile: 
  No lockfile
